2023-11-23 20:07:53,586 | INFO | /nix/store/6ccgy8vmpimlwx8cjqgrpwgpfdg0m3id-python3.10-kohya_ss-v22.1.1/kohya_gui.py | headless: False
2023-11-25 23:52:36,497 | INFO | /nix/store/6ccgy8vmpimlwx8cjqgrpwgpfdg0m3id-python3.10-kohya_ss-v22.1.1/kohya_gui.py | headless: False
2023-11-25 23:52:36,596 | DEBUG | /nix/store/jqnnj0y3cfiziaivlw05zw1m4anbdjfv-python3.10-urllib3-1.26.16/lib/python3.10/site-packages/urllib3/connectionpool.py | https://api.gradio.app:443 "GET /gradio-messaging/en HTTP/1.1" 200 3
2023-11-25 23:55:04,704 | INFO | /nix/store/6ccgy8vmpimlwx8cjqgrpwgpfdg0m3id-python3.10-kohya_ss-v22.1.1/kohya_gui.py | headless: False
2023-11-25 23:55:04,768 | DEBUG | /nix/store/jqnnj0y3cfiziaivlw05zw1m4anbdjfv-python3.10-urllib3-1.26.16/lib/python3.10/site-packages/urllib3/connectionpool.py | https://api.gradio.app:443 "GET /gradio-messaging/en HTTP/1.1" 200 3
2023-11-25 23:59:20,173 | INFO | /nix/store/b05yhzzdnczy9bbh07cv037ylh674c76-python3.10-kohya_ss-v22.1.1/kohya_gui.py | headless: False
2023-11-25 23:59:20,362 | DEBUG | /nix/store/jqnnj0y3cfiziaivlw05zw1m4anbdjfv-python3.10-urllib3-1.26.16/lib/python3.10/site-packages/urllib3/connectionpool.py | https://api.gradio.app:443 "GET /gradio-messaging/en HTTP/1.1" 200 3
2023-11-25 23:59:53,151 | INFO | /nix/store/9jsza1hgiivjgb5ah5sq56lw3lwdblxc-python3.10-kohya_ss-v22.1.1/kohya_gui.py | headless: False
2023-11-25 23:59:53,153 | INFO | /nix/store/9jsza1hgiivjgb5ah5sq56lw3lwdblxc-python3.10-kohya_ss-v22.1.1/kohya_gui.py | Load CSS...
2023-11-25 23:59:53,157 | DEBUG | /nix/store/jqnnj0y3cfiziaivlw05zw1m4anbdjfv-python3.10-urllib3-1.26.16/lib/python3.10/site-packages/urllib3/connectionpool.py | Starting new HTTPS connection (1): api.gradio.app:443
2023-11-25 23:59:53,157 | DEBUG | /nix/store/jqnnj0y3cfiziaivlw05zw1m4anbdjfv-python3.10-urllib3-1.26.16/lib/python3.10/site-packages/urllib3/connectionpool.py | Starting new HTTPS connection (1): checkip.amazonaws.com:443
2023-11-25 23:59:53,240 | DEBUG | /nix/store/jqnnj0y3cfiziaivlw05zw1m4anbdjfv-python3.10-urllib3-1.26.16/lib/python3.10/site-packages/urllib3/connectionpool.py | https://api.gradio.app:443 "GET /gradio-messaging/en HTTP/1.1" 200 3
2023-11-25 23:59:53,745 | DEBUG | /nix/store/jqnnj0y3cfiziaivlw05zw1m4anbdjfv-python3.10-urllib3-1.26.16/lib/python3.10/site-packages/urllib3/connectionpool.py | https://checkip.amazonaws.com:443 "GET / HTTP/1.1" 200 12
2023-11-25 23:59:53,749 | DEBUG | /nix/store/jqnnj0y3cfiziaivlw05zw1m4anbdjfv-python3.10-urllib3-1.26.16/lib/python3.10/site-packages/urllib3/connectionpool.py | Starting new HTTPS connection (1): api.gradio.app:443
2023-11-25 23:59:54,155 | DEBUG | /nix/store/jqnnj0y3cfiziaivlw05zw1m4anbdjfv-python3.10-urllib3-1.26.16/lib/python3.10/site-packages/urllib3/connectionpool.py | https://api.gradio.app:443 "GET /pkg-version HTTP/1.1" 200 21
2023-11-25 23:59:54,974 | DEBUG | /nix/store/jqnnj0y3cfiziaivlw05zw1m4anbdjfv-python3.10-urllib3-1.26.16/lib/python3.10/site-packages/urllib3/connectionpool.py | https://api.gradio.app:443 "POST /gradio-initiated-analytics/ HTTP/1.1" 200 None
2023-11-26 00:01:15,733 | INFO | /nix/store/avv7an8zky5z194jl5388mm30066nw4f-python3.10-kohya_ss-v22.1.1/kohya_gui.py | headless: False
2023-11-26 00:01:15,735 | INFO | /nix/store/avv7an8zky5z194jl5388mm30066nw4f-python3.10-kohya_ss-v22.1.1/kohya_gui.py | Load CSS...
2023-11-26 00:01:15,739 | DEBUG | /nix/store/jqnnj0y3cfiziaivlw05zw1m4anbdjfv-python3.10-urllib3-1.26.16/lib/python3.10/site-packages/urllib3/connectionpool.py | Starting new HTTPS connection (1): api.gradio.app:443
2023-11-26 00:01:15,740 | DEBUG | /nix/store/jqnnj0y3cfiziaivlw05zw1m4anbdjfv-python3.10-urllib3-1.26.16/lib/python3.10/site-packages/urllib3/connectionpool.py | Starting new HTTPS connection (1): checkip.amazonaws.com:443
2023-11-26 00:01:15,969 | DEBUG | /nix/store/jqnnj0y3cfiziaivlw05zw1m4anbdjfv-python3.10-urllib3-1.26.16/lib/python3.10/site-packages/urllib3/connectionpool.py | https://api.gradio.app:443 "GET /gradio-messaging/en HTTP/1.1" 200 3
2023-11-26 00:01:16,280 | DEBUG | /nix/store/jqnnj0y3cfiziaivlw05zw1m4anbdjfv-python3.10-urllib3-1.26.16/lib/python3.10/site-packages/urllib3/connectionpool.py | https://checkip.amazonaws.com:443 "GET / HTTP/1.1" 200 12
2023-11-26 00:01:16,284 | DEBUG | /nix/store/jqnnj0y3cfiziaivlw05zw1m4anbdjfv-python3.10-urllib3-1.26.16/lib/python3.10/site-packages/urllib3/connectionpool.py | Starting new HTTPS connection (1): api.gradio.app:443
2023-11-26 00:01:16,792 | DEBUG | /nix/store/jqnnj0y3cfiziaivlw05zw1m4anbdjfv-python3.10-urllib3-1.26.16/lib/python3.10/site-packages/urllib3/connectionpool.py | https://api.gradio.app:443 "GET /pkg-version HTTP/1.1" 200 21
2023-11-26 00:01:17,309 | DEBUG | /nix/store/jqnnj0y3cfiziaivlw05zw1m4anbdjfv-python3.10-urllib3-1.26.16/lib/python3.10/site-packages/urllib3/connectionpool.py | https://api.gradio.app:443 "POST /gradio-initiated-analytics/ HTTP/1.1" 200 None
2023-11-26 00:01:57,957 | DEBUG | /nix/store/jqnnj0y3cfiziaivlw05zw1m4anbdjfv-python3.10-urllib3-1.26.16/lib/python3.10/site-packages/urllib3/connectionpool.py | https://api.gradio.app:443 "GET /gradio-messaging/en HTTP/1.1" 200 3
2023-11-26 00:01:57,969 | INFO | /nix/store/cfinfvv0jp63ha8jvbj2hjxjkkv920vv-python3.10-kohya_ss-v22.1.1/kohya_gui.py | headless: False
2023-11-26 00:01:57,972 | INFO | /nix/store/cfinfvv0jp63ha8jvbj2hjxjkkv920vv-python3.10-kohya_ss-v22.1.1/kohya_gui.py | Load CSS...
2023-11-26 00:01:57,976 | DEBUG | /nix/store/jqnnj0y3cfiziaivlw05zw1m4anbdjfv-python3.10-urllib3-1.26.16/lib/python3.10/site-packages/urllib3/connectionpool.py | Starting new HTTPS connection (1): api.gradio.app:443
2023-11-26 00:01:57,977 | DEBUG | /nix/store/jqnnj0y3cfiziaivlw05zw1m4anbdjfv-python3.10-urllib3-1.26.16/lib/python3.10/site-packages/urllib3/connectionpool.py | Starting new HTTPS connection (1): checkip.amazonaws.com:443
2023-11-26 00:01:58,224 | DEBUG | /nix/store/jqnnj0y3cfiziaivlw05zw1m4anbdjfv-python3.10-urllib3-1.26.16/lib/python3.10/site-packages/urllib3/connectionpool.py | Starting new HTTP connection (1): 127.0.0.1:7861
2023-11-26 00:01:58,225 | DEBUG | /nix/store/jqnnj0y3cfiziaivlw05zw1m4anbdjfv-python3.10-urllib3-1.26.16/lib/python3.10/site-packages/urllib3/connectionpool.py | http://127.0.0.1:7861 "GET /startup-events HTTP/1.1" 200 5
2023-11-26 00:01:58,230 | DEBUG | /nix/store/jqnnj0y3cfiziaivlw05zw1m4anbdjfv-python3.10-urllib3-1.26.16/lib/python3.10/site-packages/urllib3/connectionpool.py | Starting new HTTP connection (1): 127.0.0.1:7861
2023-11-26 00:01:58,246 | DEBUG | /nix/store/jqnnj0y3cfiziaivlw05zw1m4anbdjfv-python3.10-urllib3-1.26.16/lib/python3.10/site-packages/urllib3/connectionpool.py | http://127.0.0.1:7861 "HEAD / HTTP/1.1" 200 0
2023-11-26 00:01:58,258 | DEBUG | /nix/store/jqnnj0y3cfiziaivlw05zw1m4anbdjfv-python3.10-urllib3-1.26.16/lib/python3.10/site-packages/urllib3/connectionpool.py | Starting new HTTPS connection (1): checkip.amazonaws.com:443
2023-11-26 00:01:58,466 | DEBUG | /nix/store/jqnnj0y3cfiziaivlw05zw1m4anbdjfv-python3.10-urllib3-1.26.16/lib/python3.10/site-packages/urllib3/connectionpool.py | https://checkip.amazonaws.com:443 "GET / HTTP/1.1" 200 12
2023-11-26 00:01:58,468 | DEBUG | /nix/store/jqnnj0y3cfiziaivlw05zw1m4anbdjfv-python3.10-urllib3-1.26.16/lib/python3.10/site-packages/urllib3/connectionpool.py | Starting new HTTPS connection (1): api.gradio.app:443
2023-11-26 00:01:58,773 | DEBUG | /nix/store/jqnnj0y3cfiziaivlw05zw1m4anbdjfv-python3.10-urllib3-1.26.16/lib/python3.10/site-packages/urllib3/connectionpool.py | https://checkip.amazonaws.com:443 "GET / HTTP/1.1" 200 12
2023-11-26 00:01:58,792 | DEBUG | /nix/store/jqnnj0y3cfiziaivlw05zw1m4anbdjfv-python3.10-urllib3-1.26.16/lib/python3.10/site-packages/urllib3/connectionpool.py | Starting new HTTPS connection (1): api.gradio.app:443
2023-11-26 00:01:58,878 | DEBUG | /nix/store/jqnnj0y3cfiziaivlw05zw1m4anbdjfv-python3.10-urllib3-1.26.16/lib/python3.10/site-packages/urllib3/connectionpool.py | https://api.gradio.app:443 "GET /pkg-version HTTP/1.1" 200 21
2023-11-26 00:01:59,800 | DEBUG | /nix/store/jqnnj0y3cfiziaivlw05zw1m4anbdjfv-python3.10-urllib3-1.26.16/lib/python3.10/site-packages/urllib3/connectionpool.py | https://api.gradio.app:443 "POST /gradio-initiated-analytics/ HTTP/1.1" 200 None
2023-11-26 00:02:00,418 | DEBUG | /nix/store/jqnnj0y3cfiziaivlw05zw1m4anbdjfv-python3.10-urllib3-1.26.16/lib/python3.10/site-packages/urllib3/connectionpool.py | https://api.gradio.app:443 "POST /gradio-launched-telemetry/ HTTP/1.1" 200 None
2023-11-26 00:03:45,704 | DEBUG | /nix/store/n3rp93xz730fjz9ms0llk09jyfj1hkw8-python3.10-matplotlib-3.7.2/lib/python3.10/site-packages/matplotlib/pyplot.py | Loaded backend tkagg version 8.6.
2023-11-26 00:03:45,704 | DEBUG | /nix/store/n3rp93xz730fjz9ms0llk09jyfj1hkw8-python3.10-matplotlib-3.7.2/lib/python3.10/site-packages/matplotlib/pyplot.py | Loaded backend agg version v2.2.
2023-11-26 00:03:45,706 | INFO | /nix/store/cfinfvv0jp63ha8jvbj2hjxjkkv920vv-python3.10-kohya_ss-v22.1.1/dreambooth_gui.py | Start training Dreambooth...
2023-11-26 00:03:48,833 | DEBUG | /nix/store/n3rp93xz730fjz9ms0llk09jyfj1hkw8-python3.10-matplotlib-3.7.2/lib/python3.10/site-packages/matplotlib/pyplot.py | Loaded backend TkAgg version 8.6.
2023-11-26 00:09:36,312 | INFO | /nix/store/0n535w43nyb1md1bm8rpcmx54agcrnrn-python3.10-kohya_ss-v22.1.1/kohya_gui.py | headless: False
2023-11-26 00:09:36,314 | INFO | /nix/store/0n535w43nyb1md1bm8rpcmx54agcrnrn-python3.10-kohya_ss-v22.1.1/kohya_gui.py | Load CSS...
2023-11-26 00:09:36,318 | DEBUG | /nix/store/jqnnj0y3cfiziaivlw05zw1m4anbdjfv-python3.10-urllib3-1.26.16/lib/python3.10/site-packages/urllib3/connectionpool.py | Starting new HTTPS connection (1): checkip.amazonaws.com:443
2023-11-26 00:09:36,336 | DEBUG | /nix/store/jqnnj0y3cfiziaivlw05zw1m4anbdjfv-python3.10-urllib3-1.26.16/lib/python3.10/site-packages/urllib3/connectionpool.py | Starting new HTTPS connection (1): api.gradio.app:443
2023-11-26 00:09:36,464 | DEBUG | /nix/store/jqnnj0y3cfiziaivlw05zw1m4anbdjfv-python3.10-urllib3-1.26.16/lib/python3.10/site-packages/urllib3/connectionpool.py | https://api.gradio.app:443 "GET /gradio-messaging/en HTTP/1.1" 200 3
2023-11-26 00:09:36,531 | DEBUG | /nix/store/jqnnj0y3cfiziaivlw05zw1m4anbdjfv-python3.10-urllib3-1.26.16/lib/python3.10/site-packages/urllib3/connectionpool.py | Starting new HTTP connection (1): 127.0.0.1:7861
2023-11-26 00:09:36,532 | DEBUG | /nix/store/jqnnj0y3cfiziaivlw05zw1m4anbdjfv-python3.10-urllib3-1.26.16/lib/python3.10/site-packages/urllib3/connectionpool.py | http://127.0.0.1:7861 "GET /startup-events HTTP/1.1" 200 5
2023-11-26 00:09:36,535 | DEBUG | /nix/store/jqnnj0y3cfiziaivlw05zw1m4anbdjfv-python3.10-urllib3-1.26.16/lib/python3.10/site-packages/urllib3/connectionpool.py | Starting new HTTP connection (1): 127.0.0.1:7861
2023-11-26 00:09:36,552 | DEBUG | /nix/store/jqnnj0y3cfiziaivlw05zw1m4anbdjfv-python3.10-urllib3-1.26.16/lib/python3.10/site-packages/urllib3/connectionpool.py | http://127.0.0.1:7861 "HEAD / HTTP/1.1" 200 0
2023-11-26 00:09:36,565 | DEBUG | /nix/store/jqnnj0y3cfiziaivlw05zw1m4anbdjfv-python3.10-urllib3-1.26.16/lib/python3.10/site-packages/urllib3/connectionpool.py | Starting new HTTPS connection (1): checkip.amazonaws.com:443
2023-11-26 00:09:37,023 | DEBUG | /nix/store/jqnnj0y3cfiziaivlw05zw1m4anbdjfv-python3.10-urllib3-1.26.16/lib/python3.10/site-packages/urllib3/connectionpool.py | https://checkip.amazonaws.com:443 "GET / HTTP/1.1" 200 12
2023-11-26 00:09:37,027 | DEBUG | /nix/store/jqnnj0y3cfiziaivlw05zw1m4anbdjfv-python3.10-urllib3-1.26.16/lib/python3.10/site-packages/urllib3/connectionpool.py | Starting new HTTPS connection (1): api.gradio.app:443
2023-11-26 00:09:37,124 | DEBUG | /nix/store/jqnnj0y3cfiziaivlw05zw1m4anbdjfv-python3.10-urllib3-1.26.16/lib/python3.10/site-packages/urllib3/connectionpool.py | https://checkip.amazonaws.com:443 "GET / HTTP/1.1" 200 12
2023-11-26 00:09:37,143 | DEBUG | /nix/store/jqnnj0y3cfiziaivlw05zw1m4anbdjfv-python3.10-urllib3-1.26.16/lib/python3.10/site-packages/urllib3/connectionpool.py | Starting new HTTPS connection (1): api.gradio.app:443
2023-11-26 00:09:37,428 | DEBUG | /nix/store/jqnnj0y3cfiziaivlw05zw1m4anbdjfv-python3.10-urllib3-1.26.16/lib/python3.10/site-packages/urllib3/connectionpool.py | https://api.gradio.app:443 "GET /pkg-version HTTP/1.1" 200 21
2023-11-26 00:09:38,046 | DEBUG | /nix/store/jqnnj0y3cfiziaivlw05zw1m4anbdjfv-python3.10-urllib3-1.26.16/lib/python3.10/site-packages/urllib3/connectionpool.py | https://api.gradio.app:443 "POST /gradio-initiated-analytics/ HTTP/1.1" 200 None
2023-11-26 00:09:38,763 | DEBUG | /nix/store/jqnnj0y3cfiziaivlw05zw1m4anbdjfv-python3.10-urllib3-1.26.16/lib/python3.10/site-packages/urllib3/connectionpool.py | https://api.gradio.app:443 "POST /gradio-launched-telemetry/ HTTP/1.1" 200 None
2023-11-26 00:16:19,595 | INFO | /nix/store/0n535w43nyb1md1bm8rpcmx54agcrnrn-python3.10-kohya_ss-v22.1.1/kohya_gui.py | headless: False
2023-11-26 00:16:19,598 | INFO | /nix/store/0n535w43nyb1md1bm8rpcmx54agcrnrn-python3.10-kohya_ss-v22.1.1/kohya_gui.py | Load CSS...
2023-11-26 00:16:19,601 | DEBUG | /nix/store/jqnnj0y3cfiziaivlw05zw1m4anbdjfv-python3.10-urllib3-1.26.16/lib/python3.10/site-packages/urllib3/connectionpool.py | Starting new HTTPS connection (1): api.gradio.app:443
2023-11-26 00:16:19,602 | DEBUG | /nix/store/jqnnj0y3cfiziaivlw05zw1m4anbdjfv-python3.10-urllib3-1.26.16/lib/python3.10/site-packages/urllib3/connectionpool.py | Starting new HTTPS connection (1): checkip.amazonaws.com:443
2023-11-26 00:16:19,665 | DEBUG | /nix/store/jqnnj0y3cfiziaivlw05zw1m4anbdjfv-python3.10-urllib3-1.26.16/lib/python3.10/site-packages/urllib3/connectionpool.py | https://api.gradio.app:443 "GET /gradio-messaging/en HTTP/1.1" 200 3
2023-11-26 00:16:19,823 | DEBUG | /nix/store/jqnnj0y3cfiziaivlw05zw1m4anbdjfv-python3.10-urllib3-1.26.16/lib/python3.10/site-packages/urllib3/connectionpool.py | Starting new HTTP connection (1): 127.0.0.1:7861
2023-11-26 00:16:19,824 | DEBUG | /nix/store/jqnnj0y3cfiziaivlw05zw1m4anbdjfv-python3.10-urllib3-1.26.16/lib/python3.10/site-packages/urllib3/connectionpool.py | http://127.0.0.1:7861 "GET /startup-events HTTP/1.1" 200 5
2023-11-26 00:16:19,828 | DEBUG | /nix/store/jqnnj0y3cfiziaivlw05zw1m4anbdjfv-python3.10-urllib3-1.26.16/lib/python3.10/site-packages/urllib3/connectionpool.py | Starting new HTTP connection (1): 127.0.0.1:7861
2023-11-26 00:16:19,843 | DEBUG | /nix/store/jqnnj0y3cfiziaivlw05zw1m4anbdjfv-python3.10-urllib3-1.26.16/lib/python3.10/site-packages/urllib3/connectionpool.py | http://127.0.0.1:7861 "HEAD / HTTP/1.1" 200 0
2023-11-26 00:16:19,855 | DEBUG | /nix/store/jqnnj0y3cfiziaivlw05zw1m4anbdjfv-python3.10-urllib3-1.26.16/lib/python3.10/site-packages/urllib3/connectionpool.py | Starting new HTTPS connection (1): checkip.amazonaws.com:443
2023-11-26 00:16:20,277 | DEBUG | /nix/store/jqnnj0y3cfiziaivlw05zw1m4anbdjfv-python3.10-urllib3-1.26.16/lib/python3.10/site-packages/urllib3/connectionpool.py | https://checkip.amazonaws.com:443 "GET / HTTP/1.1" 200 12
2023-11-26 00:16:20,280 | DEBUG | /nix/store/jqnnj0y3cfiziaivlw05zw1m4anbdjfv-python3.10-urllib3-1.26.16/lib/python3.10/site-packages/urllib3/connectionpool.py | Starting new HTTPS connection (1): api.gradio.app:443
2023-11-26 00:16:20,380 | DEBUG | /nix/store/jqnnj0y3cfiziaivlw05zw1m4anbdjfv-python3.10-urllib3-1.26.16/lib/python3.10/site-packages/urllib3/connectionpool.py | https://checkip.amazonaws.com:443 "GET / HTTP/1.1" 200 12
2023-11-26 00:16:20,396 | DEBUG | /nix/store/jqnnj0y3cfiziaivlw05zw1m4anbdjfv-python3.10-urllib3-1.26.16/lib/python3.10/site-packages/urllib3/connectionpool.py | Starting new HTTPS connection (1): api.gradio.app:443
2023-11-26 00:16:20,584 | DEBUG | /nix/store/jqnnj0y3cfiziaivlw05zw1m4anbdjfv-python3.10-urllib3-1.26.16/lib/python3.10/site-packages/urllib3/connectionpool.py | https://api.gradio.app:443 "GET /pkg-version HTTP/1.1" 200 21
2023-11-26 00:16:21,304 | DEBUG | /nix/store/jqnnj0y3cfiziaivlw05zw1m4anbdjfv-python3.10-urllib3-1.26.16/lib/python3.10/site-packages/urllib3/connectionpool.py | https://api.gradio.app:443 "POST /gradio-initiated-analytics/ HTTP/1.1" 200 None
2023-11-26 00:16:22,019 | DEBUG | /nix/store/jqnnj0y3cfiziaivlw05zw1m4anbdjfv-python3.10-urllib3-1.26.16/lib/python3.10/site-packages/urllib3/connectionpool.py | https://api.gradio.app:443 "POST /gradio-launched-telemetry/ HTTP/1.1" 200 None
2023-11-26 00:19:04,427 | DEBUG | /nix/store/jqnnj0y3cfiziaivlw05zw1m4anbdjfv-python3.10-urllib3-1.26.16/lib/python3.10/site-packages/urllib3/connectionpool.py | https://api.gradio.app:443 "GET /gradio-messaging/en HTTP/1.1" 200 3
2023-11-26 00:19:27,957 | INFO | /nix/store/yj62w114p4bk3zjrshjywbpyc607p21a-python3.10-kohya_ss-v22.1.1/kohya_gui.py | headless: False
2023-11-26 00:19:27,959 | INFO | /nix/store/yj62w114p4bk3zjrshjywbpyc607p21a-python3.10-kohya_ss-v22.1.1/kohya_gui.py | Load CSS...
2023-11-26 00:19:27,963 | DEBUG | /nix/store/jqnnj0y3cfiziaivlw05zw1m4anbdjfv-python3.10-urllib3-1.26.16/lib/python3.10/site-packages/urllib3/connectionpool.py | Starting new HTTPS connection (1): checkip.amazonaws.com:443
2023-11-26 00:19:27,964 | DEBUG | /nix/store/jqnnj0y3cfiziaivlw05zw1m4anbdjfv-python3.10-urllib3-1.26.16/lib/python3.10/site-packages/urllib3/connectionpool.py | Starting new HTTPS connection (1): api.gradio.app:443
2023-11-26 00:19:28,123 | DEBUG | /nix/store/pzf6dnxg8gf04xazzjdwarm7s03cbrgz-python3-3.10.12/lib/python3.10/asyncio/selector_events.py | Using selector: EpollSelector
2023-11-26 00:19:28,131 | DEBUG | /nix/store/jqnnj0y3cfiziaivlw05zw1m4anbdjfv-python3.10-urllib3-1.26.16/lib/python3.10/site-packages/urllib3/connectionpool.py | Starting new HTTP connection (1): 127.0.0.1:7861
2023-11-26 00:19:28,132 | DEBUG | /nix/store/jqnnj0y3cfiziaivlw05zw1m4anbdjfv-python3.10-urllib3-1.26.16/lib/python3.10/site-packages/urllib3/connectionpool.py | http://127.0.0.1:7861 "GET /startup-events HTTP/1.1" 200 5
2023-11-26 00:19:28,134 | DEBUG | /nix/store/jqnnj0y3cfiziaivlw05zw1m4anbdjfv-python3.10-urllib3-1.26.16/lib/python3.10/site-packages/urllib3/connectionpool.py | Starting new HTTP connection (1): 127.0.0.1:7861
2023-11-26 00:19:28,149 | DEBUG | /nix/store/jqnnj0y3cfiziaivlw05zw1m4anbdjfv-python3.10-urllib3-1.26.16/lib/python3.10/site-packages/urllib3/connectionpool.py | http://127.0.0.1:7861 "HEAD / HTTP/1.1" 200 0
2023-11-26 00:19:28,160 | DEBUG | /nix/store/jqnnj0y3cfiziaivlw05zw1m4anbdjfv-python3.10-urllib3-1.26.16/lib/python3.10/site-packages/urllib3/connectionpool.py | Starting new HTTPS connection (1): checkip.amazonaws.com:443
2023-11-26 00:19:28,386 | DEBUG | /nix/store/jqnnj0y3cfiziaivlw05zw1m4anbdjfv-python3.10-urllib3-1.26.16/lib/python3.10/site-packages/urllib3/connectionpool.py | https://api.gradio.app:443 "GET /gradio-messaging/en HTTP/1.1" 200 3
2023-11-26 00:19:28,492 | DEBUG | /nix/store/jqnnj0y3cfiziaivlw05zw1m4anbdjfv-python3.10-urllib3-1.26.16/lib/python3.10/site-packages/urllib3/connectionpool.py | https://checkip.amazonaws.com:443 "GET / HTTP/1.1" 200 12
2023-11-26 00:19:28,502 | DEBUG | /nix/store/nynyxpk7znwpivnlnhn7mkk7pypxnqbi-python3.10-charset-normalizer-3.0.1/lib/python3.10/site-packages/charset_normalizer/api.py | Encoding detection: ascii is most likely the one.
2023-11-26 00:19:28,504 | DEBUG | /nix/store/jqnnj0y3cfiziaivlw05zw1m4anbdjfv-python3.10-urllib3-1.26.16/lib/python3.10/site-packages/urllib3/connectionpool.py | Starting new HTTPS connection (1): api.gradio.app:443
2023-11-26 00:19:28,696 | DEBUG | /nix/store/jqnnj0y3cfiziaivlw05zw1m4anbdjfv-python3.10-urllib3-1.26.16/lib/python3.10/site-packages/urllib3/connectionpool.py | https://checkip.amazonaws.com:443 "GET / HTTP/1.1" 200 12
2023-11-26 00:19:28,696 | DEBUG | /nix/store/nynyxpk7znwpivnlnhn7mkk7pypxnqbi-python3.10-charset-normalizer-3.0.1/lib/python3.10/site-packages/charset_normalizer/api.py | Encoding detection: ascii is most likely the one.
2023-11-26 00:19:28,713 | DEBUG | /nix/store/jqnnj0y3cfiziaivlw05zw1m4anbdjfv-python3.10-urllib3-1.26.16/lib/python3.10/site-packages/urllib3/connectionpool.py | Starting new HTTPS connection (1): api.gradio.app:443
2023-11-26 00:19:29,003 | DEBUG | /nix/store/jqnnj0y3cfiziaivlw05zw1m4anbdjfv-python3.10-urllib3-1.26.16/lib/python3.10/site-packages/urllib3/connectionpool.py | https://api.gradio.app:443 "GET /pkg-version HTTP/1.1" 200 21
2023-11-26 00:19:29,524 | DEBUG | /nix/store/jqnnj0y3cfiziaivlw05zw1m4anbdjfv-python3.10-urllib3-1.26.16/lib/python3.10/site-packages/urllib3/connectionpool.py | https://api.gradio.app:443 "POST /gradio-initiated-analytics/ HTTP/1.1" 200 None
2023-11-26 00:19:30,437 | DEBUG | /nix/store/jqnnj0y3cfiziaivlw05zw1m4anbdjfv-python3.10-urllib3-1.26.16/lib/python3.10/site-packages/urllib3/connectionpool.py | https://api.gradio.app:443 "POST /gradio-launched-telemetry/ HTTP/1.1" 200 None
2023-11-26 00:20:04,844 | INFO | /nix/store/n2vanz3vchyfy3rc1k221hnwwww8hbsi-python3.10-kohya_ss-v22.1.1/kohya_gui.py | headless: False
2023-11-26 00:20:04,848 | INFO | /nix/store/n2vanz3vchyfy3rc1k221hnwwww8hbsi-python3.10-kohya_ss-v22.1.1/kohya_gui.py | Load CSS...
2023-11-26 00:20:04,851 | DEBUG | /nix/store/jqnnj0y3cfiziaivlw05zw1m4anbdjfv-python3.10-urllib3-1.26.16/lib/python3.10/site-packages/urllib3/connectionpool.py | Starting new HTTPS connection (1): api.gradio.app:443
2023-11-26 00:20:04,852 | DEBUG | /nix/store/jqnnj0y3cfiziaivlw05zw1m4anbdjfv-python3.10-urllib3-1.26.16/lib/python3.10/site-packages/urllib3/connectionpool.py | Starting new HTTPS connection (1): checkip.amazonaws.com:443
2023-11-26 00:20:04,980 | DEBUG | /nix/store/pzf6dnxg8gf04xazzjdwarm7s03cbrgz-python3-3.10.12/lib/python3.10/asyncio/selector_events.py | Using selector: EpollSelector
2023-11-26 00:20:05,031 | DEBUG | /nix/store/pzf6dnxg8gf04xazzjdwarm7s03cbrgz-python3-3.10.12/lib/python3.10/asyncio/selector_events.py | Using selector: EpollSelector
2023-11-26 00:20:05,040 | DEBUG | /nix/store/jqnnj0y3cfiziaivlw05zw1m4anbdjfv-python3.10-urllib3-1.26.16/lib/python3.10/site-packages/urllib3/connectionpool.py | Starting new HTTP connection (1): 127.0.0.1:7861
2023-11-26 00:20:05,042 | DEBUG | /nix/store/jqnnj0y3cfiziaivlw05zw1m4anbdjfv-python3.10-urllib3-1.26.16/lib/python3.10/site-packages/urllib3/connectionpool.py | http://127.0.0.1:7861 "GET /startup-events HTTP/1.1" 200 5
2023-11-26 00:20:05,044 | DEBUG | /nix/store/jqnnj0y3cfiziaivlw05zw1m4anbdjfv-python3.10-urllib3-1.26.16/lib/python3.10/site-packages/urllib3/connectionpool.py | Starting new HTTP connection (1): 127.0.0.1:7861
2023-11-26 00:20:05,047 | DEBUG | /nix/store/jqnnj0y3cfiziaivlw05zw1m4anbdjfv-python3.10-urllib3-1.26.16/lib/python3.10/site-packages/urllib3/connectionpool.py | https://api.gradio.app:443 "GET /gradio-messaging/en HTTP/1.1" 200 3
2023-11-26 00:20:05,060 | DEBUG | /nix/store/jqnnj0y3cfiziaivlw05zw1m4anbdjfv-python3.10-urllib3-1.26.16/lib/python3.10/site-packages/urllib3/connectionpool.py | http://127.0.0.1:7861 "HEAD / HTTP/1.1" 200 0
2023-11-26 00:20:05,070 | DEBUG | /nix/store/jqnnj0y3cfiziaivlw05zw1m4anbdjfv-python3.10-urllib3-1.26.16/lib/python3.10/site-packages/urllib3/connectionpool.py | Starting new HTTPS connection (1): checkip.amazonaws.com:443
2023-11-26 00:20:05,251 | DEBUG | /nix/store/jqnnj0y3cfiziaivlw05zw1m4anbdjfv-python3.10-urllib3-1.26.16/lib/python3.10/site-packages/urllib3/connectionpool.py | https://checkip.amazonaws.com:443 "GET / HTTP/1.1" 200 12
2023-11-26 00:20:05,252 | DEBUG | /nix/store/nynyxpk7znwpivnlnhn7mkk7pypxnqbi-python3.10-charset-normalizer-3.0.1/lib/python3.10/site-packages/charset_normalizer/api.py | Encoding detection: ascii is most likely the one.
2023-11-26 00:20:05,254 | DEBUG | /nix/store/jqnnj0y3cfiziaivlw05zw1m4anbdjfv-python3.10-urllib3-1.26.16/lib/python3.10/site-packages/urllib3/connectionpool.py | Starting new HTTPS connection (1): api.gradio.app:443
2023-11-26 00:20:05,557 | DEBUG | /nix/store/jqnnj0y3cfiziaivlw05zw1m4anbdjfv-python3.10-urllib3-1.26.16/lib/python3.10/site-packages/urllib3/connectionpool.py | https://checkip.amazonaws.com:443 "GET / HTTP/1.1" 200 12
2023-11-26 00:20:05,558 | DEBUG | /nix/store/nynyxpk7znwpivnlnhn7mkk7pypxnqbi-python3.10-charset-normalizer-3.0.1/lib/python3.10/site-packages/charset_normalizer/api.py | Encoding detection: ascii is most likely the one.
2023-11-26 00:20:05,574 | DEBUG | /nix/store/jqnnj0y3cfiziaivlw05zw1m4anbdjfv-python3.10-urllib3-1.26.16/lib/python3.10/site-packages/urllib3/connectionpool.py | Starting new HTTPS connection (1): api.gradio.app:443
2023-11-26 00:20:05,868 | DEBUG | /nix/store/jqnnj0y3cfiziaivlw05zw1m4anbdjfv-python3.10-urllib3-1.26.16/lib/python3.10/site-packages/urllib3/connectionpool.py | https://api.gradio.app:443 "GET /pkg-version HTTP/1.1" 200 21
2023-11-26 00:20:06,380 | DEBUG | /nix/store/jqnnj0y3cfiziaivlw05zw1m4anbdjfv-python3.10-urllib3-1.26.16/lib/python3.10/site-packages/urllib3/connectionpool.py | https://api.gradio.app:443 "POST /gradio-initiated-analytics/ HTTP/1.1" 200 None
2023-11-26 00:20:07,404 | DEBUG | /nix/store/jqnnj0y3cfiziaivlw05zw1m4anbdjfv-python3.10-urllib3-1.26.16/lib/python3.10/site-packages/urllib3/connectionpool.py | https://api.gradio.app:443 "POST /gradio-launched-telemetry/ HTTP/1.1" 200 None
2023-11-26 00:21:00,360 | INFO | /nix/store/n2vanz3vchyfy3rc1k221hnwwww8hbsi-python3.10-kohya_ss-v22.1.1/kohya_gui.py | headless: False
2023-11-26 00:21:00,363 | INFO | /nix/store/n2vanz3vchyfy3rc1k221hnwwww8hbsi-python3.10-kohya_ss-v22.1.1/kohya_gui.py | Load CSS...
2023-11-26 00:21:00,367 | DEBUG | /nix/store/jqnnj0y3cfiziaivlw05zw1m4anbdjfv-python3.10-urllib3-1.26.16/lib/python3.10/site-packages/urllib3/connectionpool.py | Starting new HTTPS connection (1): api.gradio.app:443
2023-11-26 00:21:00,388 | DEBUG | /nix/store/jqnnj0y3cfiziaivlw05zw1m4anbdjfv-python3.10-urllib3-1.26.16/lib/python3.10/site-packages/urllib3/connectionpool.py | Starting new HTTPS connection (1): checkip.amazonaws.com:443
2023-11-26 00:21:00,489 | DEBUG | /nix/store/pzf6dnxg8gf04xazzjdwarm7s03cbrgz-python3-3.10.12/lib/python3.10/asyncio/selector_events.py | Using selector: EpollSelector
2023-11-26 00:21:00,530 | DEBUG | /nix/store/pzf6dnxg8gf04xazzjdwarm7s03cbrgz-python3-3.10.12/lib/python3.10/asyncio/selector_events.py | Using selector: EpollSelector
2023-11-26 00:21:00,539 | DEBUG | /nix/store/jqnnj0y3cfiziaivlw05zw1m4anbdjfv-python3.10-urllib3-1.26.16/lib/python3.10/site-packages/urllib3/connectionpool.py | Starting new HTTP connection (1): 127.0.0.1:7861
2023-11-26 00:21:00,540 | DEBUG | /nix/store/jqnnj0y3cfiziaivlw05zw1m4anbdjfv-python3.10-urllib3-1.26.16/lib/python3.10/site-packages/urllib3/connectionpool.py | http://127.0.0.1:7861 "GET /startup-events HTTP/1.1" 200 5
2023-11-26 00:21:00,542 | DEBUG | /nix/store/jqnnj0y3cfiziaivlw05zw1m4anbdjfv-python3.10-urllib3-1.26.16/lib/python3.10/site-packages/urllib3/connectionpool.py | Starting new HTTP connection (1): 127.0.0.1:7861
2023-11-26 00:21:00,556 | DEBUG | /nix/store/jqnnj0y3cfiziaivlw05zw1m4anbdjfv-python3.10-urllib3-1.26.16/lib/python3.10/site-packages/urllib3/connectionpool.py | http://127.0.0.1:7861 "HEAD / HTTP/1.1" 200 0
2023-11-26 00:21:00,564 | DEBUG | /nix/store/jqnnj0y3cfiziaivlw05zw1m4anbdjfv-python3.10-urllib3-1.26.16/lib/python3.10/site-packages/urllib3/connectionpool.py | Starting new HTTPS connection (1): checkip.amazonaws.com:443
2023-11-26 00:21:00,651 | DEBUG | /nix/store/jqnnj0y3cfiziaivlw05zw1m4anbdjfv-python3.10-urllib3-1.26.16/lib/python3.10/site-packages/urllib3/connectionpool.py | https://api.gradio.app:443 "GET /gradio-messaging/en HTTP/1.1" 200 3
2023-11-26 00:21:01,061 | DEBUG | /nix/store/jqnnj0y3cfiziaivlw05zw1m4anbdjfv-python3.10-urllib3-1.26.16/lib/python3.10/site-packages/urllib3/connectionpool.py | https://checkip.amazonaws.com:443 "GET / HTTP/1.1" 200 12
2023-11-26 00:21:01,063 | DEBUG | /nix/store/nynyxpk7znwpivnlnhn7mkk7pypxnqbi-python3.10-charset-normalizer-3.0.1/lib/python3.10/site-packages/charset_normalizer/api.py | Encoding detection: ascii is most likely the one.
2023-11-26 00:21:01,065 | DEBUG | /nix/store/jqnnj0y3cfiziaivlw05zw1m4anbdjfv-python3.10-urllib3-1.26.16/lib/python3.10/site-packages/urllib3/connectionpool.py | Starting new HTTPS connection (1): api.gradio.app:443
2023-11-26 00:21:01,103 | DEBUG | /nix/store/jqnnj0y3cfiziaivlw05zw1m4anbdjfv-python3.10-urllib3-1.26.16/lib/python3.10/site-packages/urllib3/connectionpool.py | https://checkip.amazonaws.com:443 "GET / HTTP/1.1" 200 12
2023-11-26 00:21:01,104 | DEBUG | /nix/store/nynyxpk7znwpivnlnhn7mkk7pypxnqbi-python3.10-charset-normalizer-3.0.1/lib/python3.10/site-packages/charset_normalizer/api.py | Encoding detection: ascii is most likely the one.
2023-11-26 00:21:01,120 | DEBUG | /nix/store/jqnnj0y3cfiziaivlw05zw1m4anbdjfv-python3.10-urllib3-1.26.16/lib/python3.10/site-packages/urllib3/connectionpool.py | Starting new HTTPS connection (1): api.gradio.app:443
2023-11-26 00:21:01,369 | DEBUG | /nix/store/jqnnj0y3cfiziaivlw05zw1m4anbdjfv-python3.10-urllib3-1.26.16/lib/python3.10/site-packages/urllib3/connectionpool.py | https://api.gradio.app:443 "GET /pkg-version HTTP/1.1" 200 21
2023-11-26 00:21:02,204 | DEBUG | /nix/store/jqnnj0y3cfiziaivlw05zw1m4anbdjfv-python3.10-urllib3-1.26.16/lib/python3.10/site-packages/urllib3/connectionpool.py | https://api.gradio.app:443 "POST /gradio-initiated-analytics/ HTTP/1.1" 200 None
2023-11-26 00:21:02,905 | DEBUG | /nix/store/jqnnj0y3cfiziaivlw05zw1m4anbdjfv-python3.10-urllib3-1.26.16/lib/python3.10/site-packages/urllib3/connectionpool.py | https://api.gradio.app:443 "POST /gradio-launched-telemetry/ HTTP/1.1" 200 None
